<?xml version="1.0" encoding="UTF-8"?>
<testsuite xmlns:xsi="http://www.w3.org/2001/XMLSchema-instance" xsi:noNamespaceSchemaLocation="https://maven.apache.org/surefire/maven-surefire-plugin/xsd/surefire-test-report.xsd" name="org.gobcan.cursoformacion.testprueba.AppTest" time="0.154" tests="5" errors="0" skipped="0" failures="1">
  <properties>
    <property name="awt.toolkit" value="sun.awt.X11.XToolkit"/>
    <property name="java.specification.version" value="11"/>
    <property name="sun.cpu.isalist" value=""/>
    <property name="sun.jnu.encoding" value="UTF-8"/>
    <property name="java.class.path" value="/home/dlloleo/eclipse-workspace/testprueba/target/test-classes:/home/dlloleo/eclipse-workspace/testprueba/target/classes:/home/dlloleo/.m2/repository/junit/junit/4.11/junit-4.11.jar:/home/dlloleo/.m2/repository/org/hamcrest/hamcrest-core/1.3/hamcrest-core-1.3.jar:"/>
    <property name="java.vm.vendor" value="Debian"/>
    <property name="sun.arch.data.model" value="64"/>
    <property name="java.vendor.url" value="https://tracker.debian.org/openjdk-11"/>
    <property name="user.timezone" value=""/>
    <property name="java.vm.specification.version" value="11"/>
    <property name="os.name" value="Linux"/>
    <property name="sun.java.launcher" value="SUN_STANDARD"/>
    <property name="user.country" value="ES"/>
    <property name="sun.boot.library.path" value="/usr/lib/jvm/java-11-openjdk-amd64/lib"/>
    <property name="sun.java.command" value="/home/dlloleo/eclipse-workspace/testprueba/target/surefire/surefirebooter692380169302723227.jar /home/dlloleo/eclipse-workspace/testprueba/target/surefire 2021-05-20T11-01-40_797-jvmRun1 surefire15152744108651706584tmp surefire_06765494143724500592tmp"/>
    <property name="jdk.debug" value="release"/>
    <property name="surefire.test.class.path" value="/home/dlloleo/eclipse-workspace/testprueba/target/test-classes:/home/dlloleo/eclipse-workspace/testprueba/target/classes:/home/dlloleo/.m2/repository/junit/junit/4.11/junit-4.11.jar:/home/dlloleo/.m2/repository/org/hamcrest/hamcrest-core/1.3/hamcrest-core-1.3.jar:"/>
    <property name="sun.cpu.endian" value="little"/>
    <property name="user.home" value="/home/dlloleo"/>
    <property name="user.language" value="es"/>
    <property name="java.specification.vendor" value="Oracle Corporation"/>
    <property name="java.version.date" value="2021-04-20"/>
    <property name="java.home" value="/usr/lib/jvm/java-11-openjdk-amd64"/>
    <property name="file.separator" value="/"/>
    <property name="basedir" value="/home/dlloleo/eclipse-workspace/testprueba"/>
    <property name="java.vm.compressedOopsMode" value="32-bit"/>
    <property name="line.separator" value="&#10;"/>
    <property name="java.specification.name" value="Java Platform API Specification"/>
    <property name="java.vm.specification.vendor" value="Oracle Corporation"/>
    <property name="java.awt.graphicsenv" value="sun.awt.X11GraphicsEnvironment"/>
    <property name="surefire.real.class.path" value="/home/dlloleo/eclipse-workspace/testprueba/target/surefire/surefirebooter692380169302723227.jar"/>
    <property name="sun.management.compiler" value="HotSpot 64-Bit Tiered Compilers"/>
    <property name="java.runtime.version" value="11.0.11+9-post-Debian-1deb10u1"/>
    <property name="user.name" value="dlloleo"/>
    <property name="path.separator" value=":"/>
    <property name="os.version" value="4.19.0-16-amd64"/>
    <property name="java.runtime.name" value="OpenJDK Runtime Environment"/>
    <property name="file.encoding" value="UTF-8"/>
    <property name="java.vm.name" value="OpenJDK 64-Bit Server VM"/>
    <property name="localRepository" value="/home/dlloleo/.m2/repository"/>
    <property name="java.vendor.url.bug" value="https://bugs.debian.org/openjdk-11"/>
    <property name="java.io.tmpdir" value="/tmp"/>
    <property name="java.version" value="11.0.11"/>
    <property name="user.dir" value="/home/dlloleo/eclipse-workspace/testprueba"/>
    <property name="os.arch" value="amd64"/>
    <property name="java.vm.specification.name" value="Java Virtual Machine Specification"/>
    <property name="java.awt.printerjob" value="sun.print.PSPrinterJob"/>
    <property name="sun.os.patch.level" value="unknown"/>
    <property name="java.library.path" value="/usr/java/packages/lib:/usr/lib/x86_64-linux-gnu/jni:/lib/x86_64-linux-gnu:/usr/lib/x86_64-linux-gnu:/usr/lib/jni:/lib:/usr/lib"/>
    <property name="java.vm.info" value="mixed mode, sharing"/>
    <property name="java.vendor" value="Debian"/>
    <property name="java.vm.version" value="11.0.11+9-post-Debian-1deb10u1"/>
    <property name="sun.io.unicode.encoding" value="UnicodeLittle"/>
    <property name="java.class.version" value="55.0"/>
  </properties>
  <testcase name="shouldAnswerWithTrue" classname="org.gobcan.cursoformacion.testprueba.AppTest" time="0.007"/>
  <testcase name="pruebaDeSumaTest1" classname="org.gobcan.cursoformacion.testprueba.AppTest" time="0.004"/>
  <testcase name="pruebaDeSumaTest2" classname="org.gobcan.cursoformacion.testprueba.AppTest" time="0.001"/>
  <testcase name="pruebaDeSumaTest3" classname="org.gobcan.cursoformacion.testprueba.AppTest" time="0.006"/>
  <testcase name="pruebaDeSumaTest4" classname="org.gobcan.cursoformacion.testprueba.AppTest" time="0.014">
    <failure message="La suma ha dejado de ser correcta expected:&lt;-1&gt; but was:&lt;0&gt;" type="java.lang.AssertionError"><![CDATA[java.lang.AssertionError: La suma ha dejado de ser correcta expected:<-1> but was:<0>
	at org.gobcan.cursoformacion.testprueba.AppTest.pruebaDeSumaTest4(AppTest.java:52)
]]></failure>
  </testcase>
</testsuite>